# JRE version: OpenJDK Runtime Environment (8.0_91-b14) (build 1.8.0_91-8u91-b14-0ubuntu4~16.04.1-b14)
# Java VM: OpenJDK 64-Bit Server VM (25.91-b14 mixed mode linux-amd64 compressed oops)
Heap:
 PSYoungGen      total 24064K, used 21391K [0x00000000d9200000, 0x00000000daa80000, 0x0000000100000000)
  eden space 23552K, 90% used [0x00000000d9200000,0x00000000da6dbf50,0x00000000da900000)
  from space 512K, 6% used [0x00000000da980000,0x00000000da988000,0x00000000daa00000)
  to   space 512K, 0% used [0x00000000daa00000,0x00000000daa00000,0x00000000daa80000)
 ParOldGen       total 80896K, used 4059K [0x000000008b600000, 0x0000000090500000, 0x00000000d9200000)
  object space 80896K, 5% used [0x000000008b600000,0x000000008b9f6fe8,0x0000000090500000)
 Metaspace       used 12272K, capacity 12502K, committed 12672K, reserved 1060864K
  class space    used 1284K, capacity 1349K, committed 1408K, reserved 1048576K
GC Heap History (10 events):
Event: 45419.212 GC heap before
{Heap before GC invocations=1057 (full 0):
 PSYoungGen      total 24064K, used 23616K [0x00000000d9200000, 0x00000000daa80000, 0x0000000100000000)
  eden space 23552K, 100% used [0x00000000d9200000,0x00000000da900000,0x00000000da900000)
  from space 512K, 12% used [0x00000000daa00000,0x00000000daa10000,0x00000000daa80000)
  to   space 512K, 0% used [0x00000000da980000,0x00000000da980000,0x00000000daa00000)
 ParOldGen       total 80896K, used 4059K [0x000000008b600000, 0x0000000090500000, 0x00000000d9200000)
  object space 80896K, 5% used [0x000000008b600000,0x000000008b9f6fe8,0x0000000090500000)
 Metaspace       used 12260K, capacity 12438K, committed 12672K, reserved 1060864K
  class space    used 1282K, capacity 1349K, committed 1408K, reserved 1048576K
Event: 45419.215 GC heap after
Heap after GC invocations=1057 (full 0):
 PSYoungGen      total 24064K, used 64K [0x00000000d9200000, 0x00000000daa80000, 0x0000000100000000)
  eden space 23552K, 0% used [0x00000000d9200000,0x00000000d9200000,0x00000000da900000)
  from space 512K, 12% used [0x00000000da980000,0x00000000da990000,0x00000000daa00000)
  to   space 512K, 0% used [0x00000000daa00000,0x00000000daa00000,0x00000000daa80000)
 ParOldGen       total 80896K, used 4059K [0x000000008b600000, 0x0000000090500000, 0x00000000d9200000)
  object space 80896K, 5% used [0x000000008b600000,0x000000008b9f6fe8,0x0000000090500000)
 Metaspace       used 12260K, capacity 12438K, committed 12672K, reserved 1060864K
  class space    used 1282K, capacity 1349K, committed 1408K, reserved 1048576K
}
Event: 45462.374 GC heap before
{Heap before GC invocations=1058 (full 0):
 PSYoungGen      total 24064K, used 23616K [0x00000000d9200000, 0x00000000daa80000, 0x0000000100000000)
  eden space 23552K, 100% used [0x00000000d9200000,0x00000000da900000,0x00000000da900000)
  from space 512K, 12% used [0x00000000da980000,0x00000000da990000,0x00000000daa00000)
  to   space 512K, 0% used [0x00000000daa00000,0x00000000daa00000,0x00000000daa80000)
 ParOldGen       total 80896K, used 4059K [0x000000008b600000, 0x0000000090500000, 0x00000000d9200000)
  object space 80896K, 5% used [0x000000008b600000,0x000000008b9f6fe8,0x0000000090500000)
 Metaspace       used 12260K, capacity 12438K, committed 12672K, reserved 1060864K
  class space    used 1282K, capacity 1349K, committed 1408K, reserved 1048576K
Event: 45462.375 GC heap after
Heap after GC invocations=1058 (full 0):
 PSYoungGen      total 24064K, used 96K [0x00000000d9200000, 0x00000000daa80000, 0x0000000100000000)
  eden space 23552K, 0% used [0x00000000d9200000,0x00000000d9200000,0x00000000da900000)
  from space 512K, 18% used [0x00000000daa00000,0x00000000daa18000,0x00000000daa80000)
  to   space 512K, 0% used [0x00000000da980000,0x00000000da980000,0x00000000daa00000)
 ParOldGen       total 80896K, used 4059K [0x000000008b600000, 0x0000000090500000, 0x00000000d9200000)
  object space 80896K, 5% used [0x000000008b600000,0x000000008b9f6fe8,0x0000000090500000)
 Metaspace       used 12260K, capacity 12438K, committed 12672K, reserved 1060864K
  class space    used 1282K, capacity 1349K, committed 1408K, reserved 1048576K
}
Event: 45505.608 GC heap before
{Heap before GC invocations=1059 (full 0):
 PSYoungGen      total 24064K, used 23648K [0x00000000d9200000, 0x00000000daa80000, 0x0000000100000000)
  eden space 23552K, 100% used [0x00000000d9200000,0x00000000da900000,0x00000000da900000)
  from space 512K, 18% used [0x00000000daa00000,0x00000000daa18000,0x00000000daa80000)
  to   space 512K, 0% used [0x00000000da980000,0x00000000da980000,0x00000000daa00000)
 ParOldGen       total 80896K, used 4059K [0x000000008b600000, 0x0000000090500000, 0x00000000d9200000)
  object space 80896K, 5% used [0x000000008b600000,0x000000008b9f6fe8,0x0000000090500000)
 Metaspace       used 12260K, capacity 12438K, committed 12672K, reserved 1060864K
  class space    used 1282K, capacity 1349K, committed 1408K, reserved 1048576K
Event: 45505.610 GC heap after
Heap after GC invocations=1059 (full 0):
 PSYoungGen      total 24064K, used 32K [0x00000000d9200000, 0x00000000daa80000, 0x0000000100000000)
  eden space 23552K, 0% used [0x00000000d9200000,0x00000000d9200000,0x00000000da900000)
  from space 512K, 6% used [0x00000000da980000,0x00000000da988000,0x00000000daa00000)
  to   space 512K, 0% used [0x00000000daa00000,0x00000000daa00000,0x00000000daa80000)
 ParOldGen       total 80896K, used 4059K [0x000000008b600000, 0x0000000090500000, 0x00000000d9200000)
  object space 80896K, 5% used [0x000000008b600000,0x000000008b9f6fe8,0x0000000090500000)
 Metaspace       used 12260K, capacity 12438K, committed 12672K, reserved 1060864K
  class space    used 1282K, capacity 1349K, committed 1408K, reserved 1048576K
}
Event: 45548.786 GC heap before
{Heap before GC invocations=1060 (full 0):
 PSYoungGen      total 24064K, used 23584K [0x00000000d9200000, 0x00000000daa80000, 0x0000000100000000)
  eden space 23552K, 100% used [0x00000000d9200000,0x00000000da900000,0x00000000da900000)
  from space 512K, 6% used [0x00000000da980000,0x00000000da988000,0x00000000daa00000)
  to   space 512K, 0% used [0x00000000daa00000,0x00000000daa00000,0x00000000daa80000)
 ParOldGen       total 80896K, used 4059K [0x000000008b600000, 0x0000000090500000, 0x00000000d9200000)
  object space 80896K, 5% used [0x000000008b600000,0x000000008b9f6fe8,0x0000000090500000)
 Metaspace       used 12260K, capacity 12438K, committed 12672K, reserved 1060864K
  class space    used 1282K, capacity 1349K, committed 1408K, reserved 1048576K
Event: 45548.788 GC heap after
Heap after GC invocations=1060 (full 0):
 PSYoungGen      total 24064K, used 64K [0x00000000d9200000, 0x00000000daa80000, 0x0000000100000000)
  eden space 23552K, 0% used [0x00000000d9200000,0x00000000d9200000,0x00000000da900000)
  from space 512K, 12% used [0x00000000daa00000,0x00000000daa10000,0x00000000daa80000)
  to   space 512K, 0% used [0x00000000da980000,0x00000000da980000,0x00000000daa00000)
 ParOldGen       total 80896K, used 4059K [0x000000008b600000, 0x0000000090500000, 0x00000000d9200000)
  object space 80896K, 5% used [0x000000008b600000,0x000000008b9f6fe8,0x0000000090500000)
 Metaspace       used 12260K, capacity 12438K, committed 12672K, reserved 1060864K
  class space    used 1282K, capacity 1349K, committed 1408K, reserved 1048576K
}
Event: 45592.023 GC heap before
{Heap before GC invocations=1061 (full 0):
 PSYoungGen      total 24064K, used 23616K [0x00000000d9200000, 0x00000000daa80000, 0x0000000100000000)
  eden space 23552K, 100% used [0x00000000d9200000,0x00000000da900000,0x00000000da900000)
  from space 512K, 12% used [0x00000000daa00000,0x00000000daa10000,0x00000000daa80000)
  to   space 512K, 0% used [0x00000000da980000,0x00000000da980000,0x00000000daa00000)
 ParOldGen       total 80896K, used 4059K [0x000000008b600000, 0x0000000090500000, 0x00000000d9200000)
  object space 80896K, 5% used [0x000000008b600000,0x000000008b9f6fe8,0x0000000090500000)
 Metaspace       used 12260K, capacity 12438K, committed 12672K, reserved 1060864K
  class space    used 1282K, capacity 1349K, committed 1408K, reserved 1048576K
Event: 45592.025 GC heap after
Heap after GC invocations=1061 (full 0):
 PSYoungGen      total 24064K, used 32K [0x00000000d9200000, 0x00000000daa80000, 0x0000000100000000)
  eden space 23552K, 0% used [0x00000000d9200000,0x00000000d9200000,0x00000000da900000)
  from space 512K, 6% used [0x00000000da980000,0x00000000da988000,0x00000000daa00000)
  to   space 512K, 0% used [0x00000000daa00000,0x00000000daa00000,0x00000000daa80000)
 ParOldGen       total 80896K, used 4059K [0x000000008b600000, 0x0000000090500000, 0x00000000d9200000)
  object space 80896K, 5% used [0x000000008b600000,0x000000008b9f6fe8,0x0000000090500000)
 Metaspace       used 12260K, capacity 12438K, committed 12672K, reserved 1060864K
  class space    used 1282K, capacity 1349K, committed 1408K, reserved 1048576K
}

