# JRE version: OpenJDK Runtime Environment (8.0_91-b14) (build 1.8.0_91-8u91-b14-0ubuntu4~16.04.1-b14)
# Java VM: OpenJDK 64-Bit Server VM (25.91-b14 mixed mode linux-amd64 compressed oops)
Heap:
 PSYoungGen      total 24064K, used 10805K [0x00000000d9200000, 0x00000000daa80000, 0x0000000100000000)
  eden space 23552K, 45% used [0x00000000d9200000,0x00000000d9c7d558,0x00000000da900000)
  from space 512K, 12% used [0x00000000daa00000,0x00000000daa10000,0x00000000daa80000)
  to   space 512K, 0% used [0x00000000da980000,0x00000000da980000,0x00000000daa00000)
 ParOldGen       total 80896K, used 7310K [0x000000008b600000, 0x0000000090500000, 0x00000000d9200000)
  object space 80896K, 9% used [0x000000008b600000,0x000000008bd239a8,0x0000000090500000)
 Metaspace       used 11282K, capacity 11482K, committed 11904K, reserved 1060864K
  class space    used 1212K, capacity 1287K, committed 1408K, reserved 1048576K
GC Heap History (10 events):
Event: 116126.715 GC heap before
{Heap before GC invocations=132 (full 0):
 PSYoungGen      total 24064K, used 23616K [0x00000000d9200000, 0x00000000daa80000, 0x0000000100000000)
  eden space 23552K, 100% used [0x00000000d9200000,0x00000000da900000,0x00000000da900000)
  from space 512K, 12% used [0x00000000da980000,0x00000000da990000,0x00000000daa00000)
  to   space 512K, 0% used [0x00000000daa00000,0x00000000daa00000,0x00000000daa80000)
 ParOldGen       total 80896K, used 7310K [0x000000008b600000, 0x0000000090500000, 0x00000000d9200000)
  object space 80896K, 9% used [0x000000008b600000,0x000000008bd239a8,0x0000000090500000)
 Metaspace       used 11270K, capacity 11482K, committed 11904K, reserved 1060864K
  class space    used 1211K, capacity 1287K, committed 1408K, reserved 1048576K
Event: 116126.718 GC heap after
Heap after GC invocations=132 (full 0):
 PSYoungGen      total 24064K, used 32K [0x00000000d9200000, 0x00000000daa80000, 0x0000000100000000)
  eden space 23552K, 0% used [0x00000000d9200000,0x00000000d9200000,0x00000000da900000)
  from space 512K, 6% used [0x00000000daa00000,0x00000000daa08000,0x00000000daa80000)
  to   space 512K, 0% used [0x00000000da980000,0x00000000da980000,0x00000000daa00000)
 ParOldGen       total 80896K, used 7310K [0x000000008b600000, 0x0000000090500000, 0x00000000d9200000)
  object space 80896K, 9% used [0x000000008b600000,0x000000008bd239a8,0x0000000090500000)
 Metaspace       used 11270K, capacity 11482K, committed 11904K, reserved 1060864K
  class space    used 1211K, capacity 1287K, committed 1408K, reserved 1048576K
}
Event: 116986.668 GC heap before
{Heap before GC invocations=133 (full 0):
 PSYoungGen      total 24064K, used 23584K [0x00000000d9200000, 0x00000000daa80000, 0x0000000100000000)
  eden space 23552K, 100% used [0x00000000d9200000,0x00000000da900000,0x00000000da900000)
  from space 512K, 6% used [0x00000000daa00000,0x00000000daa08000,0x00000000daa80000)
  to   space 512K, 0% used [0x00000000da980000,0x00000000da980000,0x00000000daa00000)
 ParOldGen       total 80896K, used 7310K [0x000000008b600000, 0x0000000090500000, 0x00000000d9200000)
  object space 80896K, 9% used [0x000000008b600000,0x000000008bd239a8,0x0000000090500000)
 Metaspace       used 11270K, capacity 11482K, committed 11904K, reserved 1060864K
  class space    used 1211K, capacity 1287K, committed 1408K, reserved 1048576K
Event: 116986.671 GC heap after
Heap after GC invocations=133 (full 0):
 PSYoungGen      total 24064K, used 64K [0x00000000d9200000, 0x00000000daa80000, 0x0000000100000000)
  eden space 23552K, 0% used [0x00000000d9200000,0x00000000d9200000,0x00000000da900000)
  from space 512K, 12% used [0x00000000da980000,0x00000000da990000,0x00000000daa00000)
  to   space 512K, 0% used [0x00000000daa00000,0x00000000daa00000,0x00000000daa80000)
 ParOldGen       total 80896K, used 7310K [0x000000008b600000, 0x0000000090500000, 0x00000000d9200000)
  object space 80896K, 9% used [0x000000008b600000,0x000000008bd239a8,0x0000000090500000)
 Metaspace       used 11270K, capacity 11482K, committed 11904K, reserved 1060864K
  class space    used 1211K, capacity 1287K, committed 1408K, reserved 1048576K
}
Event: 117846.770 GC heap before
{Heap before GC invocations=134 (full 0):
 PSYoungGen      total 24064K, used 23616K [0x00000000d9200000, 0x00000000daa80000, 0x0000000100000000)
  eden space 23552K, 100% used [0x00000000d9200000,0x00000000da900000,0x00000000da900000)
  from space 512K, 12% used [0x00000000da980000,0x00000000da990000,0x00000000daa00000)
  to   space 512K, 0% used [0x00000000daa00000,0x00000000daa00000,0x00000000daa80000)
 ParOldGen       total 80896K, used 7310K [0x000000008b600000, 0x0000000090500000, 0x00000000d9200000)
  object space 80896K, 9% used [0x000000008b600000,0x000000008bd239a8,0x0000000090500000)
 Metaspace       used 11270K, capacity 11482K, committed 11904K, reserved 1060864K
  class space    used 1211K, capacity 1287K, committed 1408K, reserved 1048576K
Event: 117846.772 GC heap after
Heap after GC invocations=134 (full 0):
 PSYoungGen      total 24064K, used 64K [0x00000000d9200000, 0x00000000daa80000, 0x0000000100000000)
  eden space 23552K, 0% used [0x00000000d9200000,0x00000000d9200000,0x00000000da900000)
  from space 512K, 12% used [0x00000000daa00000,0x00000000daa10000,0x00000000daa80000)
  to   space 512K, 0% used [0x00000000da980000,0x00000000da980000,0x00000000daa00000)
 ParOldGen       total 80896K, used 7310K [0x000000008b600000, 0x0000000090500000, 0x00000000d9200000)
  object space 80896K, 9% used [0x000000008b600000,0x000000008bd239a8,0x0000000090500000)
 Metaspace       used 11270K, capacity 11482K, committed 11904K, reserved 1060864K
  class space    used 1211K, capacity 1287K, committed 1408K, reserved 1048576K
}
Event: 118707.675 GC heap before
{Heap before GC invocations=135 (full 0):
 PSYoungGen      total 24064K, used 23616K [0x00000000d9200000, 0x00000000daa80000, 0x0000000100000000)
  eden space 23552K, 100% used [0x00000000d9200000,0x00000000da900000,0x00000000da900000)
  from space 512K, 12% used [0x00000000daa00000,0x00000000daa10000,0x00000000daa80000)
  to   space 512K, 0% used [0x00000000da980000,0x00000000da980000,0x00000000daa00000)
 ParOldGen       total 80896K, used 7310K [0x000000008b600000, 0x0000000090500000, 0x00000000d9200000)
  object space 80896K, 9% used [0x000000008b600000,0x000000008bd239a8,0x0000000090500000)
 Metaspace       used 11270K, capacity 11482K, committed 11904K, reserved 1060864K
  class space    used 1211K, capacity 1287K, committed 1408K, reserved 1048576K
Event: 118707.676 GC heap after
Heap after GC invocations=135 (full 0):
 PSYoungGen      total 24064K, used 64K [0x00000000d9200000, 0x00000000daa80000, 0x0000000100000000)
  eden space 23552K, 0% used [0x00000000d9200000,0x00000000d9200000,0x00000000da900000)
  from space 512K, 12% used [0x00000000da980000,0x00000000da990000,0x00000000daa00000)
  to   space 512K, 0% used [0x00000000daa00000,0x00000000daa00000,0x00000000daa80000)
 ParOldGen       total 80896K, used 7310K [0x000000008b600000, 0x0000000090500000, 0x00000000d9200000)
  object space 80896K, 9% used [0x000000008b600000,0x000000008bd239a8,0x0000000090500000)
 Metaspace       used 11270K, capacity 11482K, committed 11904K, reserved 1060864K
  class space    used 1211K, capacity 1287K, committed 1408K, reserved 1048576K
}
Event: 119567.166 GC heap before
{Heap before GC invocations=136 (full 0):
 PSYoungGen      total 24064K, used 23616K [0x00000000d9200000, 0x00000000daa80000, 0x0000000100000000)
  eden space 23552K, 100% used [0x00000000d9200000,0x00000000da900000,0x00000000da900000)
  from space 512K, 12% used [0x00000000da980000,0x00000000da990000,0x00000000daa00000)
  to   space 512K, 0% used [0x00000000daa00000,0x00000000daa00000,0x00000000daa80000)
 ParOldGen       total 80896K, used 7310K [0x000000008b600000, 0x0000000090500000, 0x00000000d9200000)
  object space 80896K, 9% used [0x000000008b600000,0x000000008bd239a8,0x0000000090500000)
 Metaspace       used 11270K, capacity 11482K, committed 11904K, reserved 1060864K
  class space    used 1211K, capacity 1287K, committed 1408K, reserved 1048576K
Event: 119567.169 GC heap after
Heap after GC invocations=136 (full 0):
 PSYoungGen      total 24064K, used 64K [0x00000000d9200000, 0x00000000daa80000, 0x0000000100000000)
  eden space 23552K, 0% used [0x00000000d9200000,0x00000000d9200000,0x00000000da900000)
  from space 512K, 12% used [0x00000000daa00000,0x00000000daa10000,0x00000000daa80000)
  to   space 512K, 0% used [0x00000000da980000,0x00000000da980000,0x00000000daa00000)
 ParOldGen       total 80896K, used 7310K [0x000000008b600000, 0x0000000090500000, 0x00000000d9200000)
  object space 80896K, 9% used [0x000000008b600000,0x000000008bd239a8,0x0000000090500000)
 Metaspace       used 11270K, capacity 11482K, committed 11904K, reserved 1060864K
  class space    used 1211K, capacity 1287K, committed 1408K, reserved 1048576K
}

